{"/Users/danielhadland/WebstormProjects/lifi-challenge/typescript-fastify-prisma-starter/app/src/bootstrap.ts": {"path":"/Users/danielhadland/WebstormProjects/lifi-challenge/typescript-fastify-prisma-starter/app/src/bootstrap.ts","statementMap":{"0":{"start":{"line":6,"column":0},"end":{"line":6,"column":7}},"1":{"start":{"line":12,"column":0},"end":{"line":12,"column":7}},"2":{"start":{"line":1,"column":0},"end":{"line":1,"column":32}},"3":{"start":{"line":2,"column":0},"end":{"line":2,"column":36}},"4":{"start":{"line":3,"column":0},"end":{"line":3,"column":34}},"5":{"start":{"line":4,"column":0},"end":{"line":4,"column":37}},"6":{"start":{"line":7,"column":17},"end":{"line":7,"column":26}},"7":{"start":{"line":8,"column":2},"end":{"line":8,"column":23}},"8":{"start":{"line":9,"column":2},"end":{"line":9,"column":16}},"9":{"start":{"line":13,"column":18},"end":{"line":13,"column":38}},"10":{"start":{"line":14,"column":22},"end":{"line":14,"column":46}},"11":{"start":{"line":15,"column":18},"end":{"line":15,"column":23}},"12":{"start":{"line":16,"column":18},"end":{"line":16,"column":36}},"13":{"start":{"line":17,"column":18},"end":{"line":17,"column":38}},"14":{"start":{"line":18,"column":2},"end":{"line":20,"column":4}}},"fnMap":{"0":{"name":"bootstrap","decl":{"start":{"line":6,"column":22},"end":{"line":6,"column":31}},"loc":{"start":{"line":6,"column":31},"end":{"line":10,"column":1}}},"1":{"name":"getMongoConnection","decl":{"start":{"line":12,"column":22},"end":{"line":12,"column":40}},"loc":{"start":{"line":12,"column":40},"end":{"line":21,"column":1}}}},"branchMap":{},"s":{"0":2,"1":2,"2":2,"3":2,"4":2,"5":2,"6":1,"7":1,"8":1,"9":1,"10":1,"11":1,"12":1,"13":1,"14":1},"f":{"0":1,"1":1},"b":{}}
,"/Users/danielhadland/WebstormProjects/lifi-challenge/typescript-fastify-prisma-starter/app/src/types.ts": {"path":"/Users/danielhadland/WebstormProjects/lifi-challenge/typescript-fastify-prisma-starter/app/src/types.ts","statementMap":{"0":{"start":{"line":1,"column":0},"end":{"line":1,"column":null}},"1":{"start":{"line":2,"column":2},"end":{"line":2,"column":null}}},"fnMap":{"0":{"name":"(anonymous_0)","decl":{"start":{"line":1,"column":0},"end":{"line":1,"column":12}},"loc":{"start":{"line":1,"column":21},"end":{"line":3,"column":1}}}},"branchMap":{"0":{"loc":{"start":{"line":1,"column":12},"end":{"line":1,"column":null}},"type":"binary-expr","locations":[{"start":{"line":1,"column":12},"end":{"line":1,"column":21}},{"start":{"line":1,"column":21},"end":{"line":1,"column":null}}]}},"s":{"0":3,"1":3},"f":{"0":3},"b":{"0":[3,3]}}
,"/Users/danielhadland/WebstormProjects/lifi-challenge/typescript-fastify-prisma-starter/app/src/blockchain/FeeCollectorContract.ts": {"path":"/Users/danielhadland/WebstormProjects/lifi-challenge/typescript-fastify-prisma-starter/app/src/blockchain/FeeCollectorContract.ts","statementMap":{"0":{"start":{"line":1,"column":0},"end":{"line":1,"column":43}},"1":{"start":{"line":2,"column":0},"end":{"line":2,"column":62}},"2":{"start":{"line":17,"column":11},"end":{"line":17,"column":29}},"3":{"start":{"line":21,"column":4},"end":{"line":25,"column":6}},"4":{"start":{"line":36,"column":19},"end":{"line":36,"column":60}},"5":{"start":{"line":37,"column":4},"end":{"line":37,"column":69}},"6":{"start":{"line":41,"column":4},"end":{"line":52,"column":7}},"7":{"start":{"line":42,"column":26},"end":{"line":42,"column":69}},"8":{"start":{"line":44,"column":54},"end":{"line":50,"column":8}},"9":{"start":{"line":51,"column":6},"end":{"line":51,"column":27}},"10":{"start":{"line":14,"column":0},"end":{"line":14,"column":13}}},"fnMap":{"0":{"name":"(anonymous_0)","decl":{"start":{"line":16,"column":2},"end":{"line":16,"column":null}},"loc":{"start":{"line":19,"column":22},"end":{"line":26,"column":3}}},"1":{"name":"(anonymous_1)","decl":{"start":{"line":32,"column":2},"end":{"line":32,"column":7}},"loc":{"start":{"line":34,"column":22},"end":{"line":38,"column":3}}},"2":{"name":"(anonymous_2)","decl":{"start":{"line":40,"column":2},"end":{"line":40,"column":25}},"loc":{"start":{"line":40,"column":48},"end":{"line":53,"column":3}}},"3":{"name":"(anonymous_3)","decl":{"start":{"line":41,"column":22},"end":{"line":41,"column":23}},"loc":{"start":{"line":41,"column":32},"end":{"line":52,"column":5}}}},"branchMap":{},"s":{"0":3,"1":3,"2":5,"3":5,"4":5,"5":5,"6":1,"7":1,"8":1,"9":1,"10":3},"f":{"0":5,"1":5,"2":1,"3":1},"b":{}}
,"/Users/danielhadland/WebstormProjects/lifi-challenge/typescript-fastify-prisma-starter/app/src/blockchain/network/Polygon.ts": {"path":"/Users/danielhadland/WebstormProjects/lifi-challenge/typescript-fastify-prisma-starter/app/src/blockchain/network/Polygon.ts","statementMap":{"0":{"start":{"line":3,"column":0},"end":{"line":3,"column":63}},"1":{"start":{"line":4,"column":0},"end":{"line":4,"column":40}},"2":{"start":{"line":5,"column":0},"end":{"line":5,"column":40}},"3":{"start":{"line":6,"column":0},"end":{"line":6,"column":32}},"4":{"start":{"line":10,"column":4},"end":{"line":17,"column":6}},"5":{"start":{"line":21,"column":21},"end":{"line":22,"column":null}},"6":{"start":{"line":24,"column":24},"end":{"line":24,"column":55}},"7":{"start":{"line":25,"column":4},"end":{"line":25,"column":23}},"8":{"start":{"line":28,"column":4},"end":{"line":28,"column":29}},"9":{"start":{"line":8,"column":0},"end":{"line":8,"column":13}}},"fnMap":{"0":{"name":"(anonymous_0)","decl":{"start":{"line":9,"column":2},"end":{"line":9,"column":17}},"loc":{"start":{"line":9,"column":17},"end":{"line":18,"column":3}}},"1":{"name":"(anonymous_1)","decl":{"start":{"line":20,"column":2},"end":{"line":20,"column":7}},"loc":{"start":{"line":20,"column":28},"end":{"line":26,"column":3}}},"2":{"name":"(anonymous_2)","decl":{"start":{"line":27,"column":2},"end":{"line":27,"column":12}},"loc":{"start":{"line":27,"column":12},"end":{"line":29,"column":3}}}},"branchMap":{},"s":{"0":2,"1":2,"2":2,"3":2,"4":4,"5":1,"6":1,"7":1,"8":3,"9":2},"f":{"0":4,"1":1,"2":3},"b":{}}
,"/Users/danielhadland/WebstormProjects/lifi-challenge/typescript-fastify-prisma-starter/app/src/model/CollectedEvent.ts": {"path":"/Users/danielhadland/WebstormProjects/lifi-challenge/typescript-fastify-prisma-starter/app/src/model/CollectedEvent.ts","statementMap":{"0":{"start":{"line":1,"column":0},"end":{"line":1,"column":null}},"1":{"start":{"line":7,"column":0},"end":{"line":7,"column":37}},"2":{"start":{"line":18,"column":7},"end":{"line":36,"column":null}},"3":{"start":{"line":18,"column":13},"end":{"line":18,"column":27}},"4":{"start":{"line":20,"column":9},"end":{"line":20,"column":null}},"5":{"start":{"line":19,"column":22},"end":{"line":19,"column":28}},"6":{"start":{"line":23,"column":9},"end":{"line":23,"column":null}},"7":{"start":{"line":22,"column":22},"end":{"line":22,"column":28}},"8":{"start":{"line":26,"column":9},"end":{"line":26,"column":null}},"9":{"start":{"line":25,"column":22},"end":{"line":25,"column":28}},"10":{"start":{"line":29,"column":9},"end":{"line":29,"column":null}},"11":{"start":{"line":28,"column":22},"end":{"line":28,"column":28}},"12":{"start":{"line":32,"column":9},"end":{"line":32,"column":null}},"13":{"start":{"line":31,"column":22},"end":{"line":31,"column":28}},"14":{"start":{"line":35,"column":9},"end":{"line":35,"column":null}},"15":{"start":{"line":34,"column":22},"end":{"line":34,"column":28}},"16":{"start":{"line":18,"column":13},"end":{"line":36,"column":null}},"17":{"start":{"line":38,"column":28},"end":{"line":38,"column":60}},"18":{"start":{"line":40,"column":0},"end":{"line":40,"column":35}}},"fnMap":{"0":{"name":"(anonymous_1)","decl":{"start":{"line":19,"column":16},"end":{"line":19,"column":19}},"loc":{"start":{"line":19,"column":22},"end":{"line":19,"column":28}}},"1":{"name":"(anonymous_2)","decl":{"start":{"line":22,"column":16},"end":{"line":22,"column":19}},"loc":{"start":{"line":22,"column":22},"end":{"line":22,"column":28}}},"2":{"name":"(anonymous_3)","decl":{"start":{"line":25,"column":16},"end":{"line":25,"column":19}},"loc":{"start":{"line":25,"column":22},"end":{"line":25,"column":28}}},"3":{"name":"(anonymous_4)","decl":{"start":{"line":28,"column":16},"end":{"line":28,"column":19}},"loc":{"start":{"line":28,"column":22},"end":{"line":28,"column":28}}},"4":{"name":"(anonymous_5)","decl":{"start":{"line":31,"column":16},"end":{"line":31,"column":19}},"loc":{"start":{"line":31,"column":22},"end":{"line":31,"column":28}}},"5":{"name":"(anonymous_6)","decl":{"start":{"line":34,"column":16},"end":{"line":34,"column":19}},"loc":{"start":{"line":34,"column":22},"end":{"line":34,"column":28}}}},"branchMap":{},"s":{"0":3,"1":3,"2":3,"3":3,"4":3,"5":3,"6":3,"7":3,"8":3,"9":3,"10":3,"11":3,"12":3,"13":3,"14":3,"15":3,"16":3,"17":3,"18":3},"f":{"0":3,"1":3,"2":3,"3":3,"4":3,"5":3},"b":{}}
,"/Users/danielhadland/WebstormProjects/lifi-challenge/typescript-fastify-prisma-starter/app/src/repository/CollectedEventRepository.ts": {"path":"/Users/danielhadland/WebstormProjects/lifi-challenge/typescript-fastify-prisma-starter/app/src/repository/CollectedEventRepository.ts","statementMap":{"0":{"start":{"line":1,"column":0},"end":{"line":1,"column":78}},"1":{"start":{"line":8,"column":4},"end":{"line":8,"column":73}},"2":{"start":{"line":12,"column":22},"end":{"line":14,"column":13}},"3":{"start":{"line":15,"column":4},"end":{"line":15,"column":49}},"4":{"start":{"line":19,"column":4},"end":{"line":19,"column":50}},"5":{"start":{"line":4,"column":0},"end":{"line":4,"column":13}}},"fnMap":{"0":{"name":"(anonymous_0)","decl":{"start":{"line":5,"column":2},"end":{"line":5,"column":17}},"loc":{"start":{"line":5,"column":2},"end":{"line":5,"column":18}}},"1":{"name":"(anonymous_1)","decl":{"start":{"line":7,"column":9},"end":{"line":7,"column":14}},"loc":{"start":{"line":7,"column":69},"end":{"line":9,"column":3}}},"2":{"name":"(anonymous_2)","decl":{"start":{"line":11,"column":9},"end":{"line":11,"column":14}},"loc":{"start":{"line":11,"column":62},"end":{"line":16,"column":3}}},"3":{"name":"(anonymous_3)","decl":{"start":{"line":18,"column":9},"end":{"line":18,"column":14}},"loc":{"start":{"line":18,"column":50},"end":{"line":20,"column":3}}}},"branchMap":{"0":{"loc":{"start":{"line":7,"column":32},"end":{"line":7,"column":49}},"type":"default-arg","locations":[{"start":{"line":7,"column":46},"end":{"line":7,"column":49}}]},"1":{"loc":{"start":{"line":7,"column":51},"end":{"line":7,"column":69}},"type":"default-arg","locations":[{"start":{"line":7,"column":68},"end":{"line":7,"column":69}}]},"2":{"loc":{"start":{"line":15,"column":11},"end":{"line":15,"column":48}},"type":"cond-expr","locations":[{"start":{"line":15,"column":23},"end":{"line":15,"column":44}},{"start":{"line":15,"column":47},"end":{"line":15,"column":48}}]}},"s":{"0":3,"1":0,"2":0,"3":0,"4":0,"5":3},"f":{"0":8,"1":0,"2":0,"3":0},"b":{"0":[0],"1":[0],"2":[0,0]}}
,"/Users/danielhadland/WebstormProjects/lifi-challenge/typescript-fastify-prisma-starter/app/src/routes/EventsController.ts": {"path":"/Users/danielhadland/WebstormProjects/lifi-challenge/typescript-fastify-prisma-starter/app/src/routes/EventsController.ts","statementMap":{"0":{"start":{"line":1,"column":0},"end":{"line":1,"column":82}},"1":{"start":{"line":11,"column":28},"end":{"line":11,"column":58}},"2":{"start":{"line":13,"column":17},"end":{"line":13,"column":35}},"3":{"start":{"line":14,"column":20},"end":{"line":14,"column":71}},"4":{"start":{"line":15,"column":23},"end":{"line":15,"column":25}},"5":{"start":{"line":17,"column":4},"end":{"line":19,"column":5}},"6":{"start":{"line":18,"column":6},"end":{"line":18,"column":50}},"7":{"start":{"line":21,"column":20},"end":{"line":24,"column":null}},"8":{"start":{"line":27,"column":4},"end":{"line":29,"column":7}},"9":{"start":{"line":4,"column":0},"end":{"line":4,"column":13}}},"fnMap":{"0":{"name":"(anonymous_0)","decl":{"start":{"line":5,"column":9},"end":{"line":5,"column":14}},"loc":{"start":{"line":9,"column":23},"end":{"line":30,"column":3}}}},"branchMap":{"0":{"loc":{"start":{"line":14,"column":20},"end":{"line":14,"column":71}},"type":"cond-expr","locations":[{"start":{"line":14,"column":44},"end":{"line":14,"column":65}},{"start":{"line":14,"column":68},"end":{"line":14,"column":71}}]},"1":{"loc":{"start":{"line":17,"column":4},"end":{"line":19,"column":5}},"type":"if","locations":[{"start":{"line":17,"column":4},"end":{"line":19,"column":5}}]},"2":{"loc":{"start":{"line":24,"column":6},"end":{"line":24,"column":39}},"type":"cond-expr","locations":[{"start":{"line":24,"column":13},"end":{"line":24,"column":27}},{"start":{"line":24,"column":30},"end":{"line":24,"column":39}}]}},"s":{"0":2,"1":4,"2":4,"3":4,"4":4,"5":4,"6":1,"7":4,"8":4,"9":2},"f":{"0":4},"b":{"0":[2,2],"1":[1],"2":[1,3]}}
,"/Users/danielhadland/WebstormProjects/lifi-challenge/typescript-fastify-prisma-starter/app/src/routes/events.ts": {"path":"/Users/danielhadland/WebstormProjects/lifi-challenge/typescript-fastify-prisma-starter/app/src/routes/events.ts","statementMap":{"0":{"start":{"line":2,"column":0},"end":{"line":2,"column":54}},"1":{"start":{"line":4,"column":25},"end":{"line":4,"column":47}},"2":{"start":{"line":6,"column":2},"end":{"line":17,"column":5}},"3":{"start":{"line":20,"column":0},"end":{"line":20,"column":22}}},"fnMap":{"0":{"name":"routes","decl":{"start":{"line":5,"column":15},"end":{"line":5,"column":21}},"loc":{"start":{"line":5,"column":46},"end":{"line":18,"column":1}}}},"branchMap":{},"s":{"0":2,"1":2,"2":1,"3":2},"f":{"0":1},"b":{}}
,"/Users/danielhadland/WebstormProjects/lifi-challenge/typescript-fastify-prisma-starter/app/src/util/FeeScraper.ts": {"path":"/Users/danielhadland/WebstormProjects/lifi-challenge/typescript-fastify-prisma-starter/app/src/util/FeeScraper.ts","statementMap":{"0":{"start":{"line":2,"column":0},"end":{"line":2,"column":82}},"1":{"start":{"line":3,"column":0},"end":{"line":3,"column":57}},"2":{"start":{"line":4,"column":0},"end":{"line":4,"column":37}},"3":{"start":{"line":6,"column":0},"end":{"line":6,"column":31}},"4":{"start":{"line":10,"column":11},"end":{"line":10,"column":37}},"5":{"start":{"line":11,"column":11},"end":{"line":11,"column":24}},"6":{"start":{"line":19,"column":20},"end":{"line":28,"column":6}},"7":{"start":{"line":20,"column":20},"end":{"line":20,"column":40}},"8":{"start":{"line":21,"column":6},"end":{"line":21,"column":59}},"9":{"start":{"line":22,"column":6},"end":{"line":22,"column":47}},"10":{"start":{"line":23,"column":6},"end":{"line":23,"column":54}},"11":{"start":{"line":24,"column":6},"end":{"line":24,"column":38}},"12":{"start":{"line":25,"column":6},"end":{"line":25,"column":42}},"13":{"start":{"line":26,"column":6},"end":{"line":26,"column":32}},"14":{"start":{"line":27,"column":6},"end":{"line":27,"column":19}},"15":{"start":{"line":29,"column":4},"end":{"line":29,"column":46}},"16":{"start":{"line":33,"column":34},"end":{"line":34,"column":null}},"17":{"start":{"line":36,"column":4},"end":{"line":38,"column":30}},"18":{"start":{"line":46,"column":23},"end":{"line":46,"column":53}},"19":{"start":{"line":49,"column":25},"end":{"line":49,"column":27}},"20":{"start":{"line":50,"column":23},"end":{"line":50,"column":24}},"21":{"start":{"line":53,"column":28},"end":{"line":53,"column":71}},"22":{"start":{"line":56,"column":28},"end":{"line":56,"column":69}},"23":{"start":{"line":59,"column":29},"end":{"line":59,"column":74}},"24":{"start":{"line":61,"column":4},"end":{"line":63,"column":6}},"25":{"start":{"line":65,"column":25},"end":{"line":65,"column":55}},"26":{"start":{"line":67,"column":4},"end":{"line":98,"column":5}},"27":{"start":{"line":68,"column":6},"end":{"line":97,"column":7}},"28":{"start":{"line":70,"column":23},"end":{"line":72,"column":null}},"29":{"start":{"line":76,"column":29},"end":{"line":76,"column":73}},"30":{"start":{"line":78,"column":8},"end":{"line":80,"column":10}},"31":{"start":{"line":82,"column":8},"end":{"line":82,"column":50}},"32":{"start":{"line":85,"column":8},"end":{"line":85,"column":70}},"33":{"start":{"line":88,"column":8},"end":{"line":88,"column":25}},"34":{"start":{"line":89,"column":8},"end":{"line":89,"column":46}},"35":{"start":{"line":91,"column":8},"end":{"line":91,"column":25}},"36":{"start":{"line":92,"column":8},"end":{"line":92,"column":49}},"37":{"start":{"line":93,"column":8},"end":{"line":96,"column":9}},"38":{"start":{"line":94,"column":10},"end":{"line":94,"column":67}},"39":{"start":{"line":95,"column":10},"end":{"line":95,"column":18}},"40":{"start":{"line":8,"column":0},"end":{"line":8,"column":13}}},"fnMap":{"0":{"name":"(anonymous_0)","decl":{"start":{"line":9,"column":2},"end":{"line":9,"column":null}},"loc":{"start":{"line":11,"column":54},"end":{"line":12,"column":6}}},"1":{"name":"(anonymous_1)","decl":{"start":{"line":18,"column":9},"end":{"line":18,"column":14}},"loc":{"start":{"line":18,"column":72},"end":{"line":30,"column":3}}},"2":{"name":"(anonymous_2)","decl":{"start":{"line":19,"column":37},"end":{"line":19,"column":38}},"loc":{"start":{"line":19,"column":47},"end":{"line":28,"column":5}}},"3":{"name":"(anonymous_3)","decl":{"start":{"line":32,"column":9},"end":{"line":32,"column":14}},"loc":{"start":{"line":32,"column":74},"end":{"line":39,"column":3}}},"4":{"name":"(anonymous_4)","decl":{"start":{"line":45,"column":9},"end":{"line":45,"column":14}},"loc":{"start":{"line":45,"column":25},"end":{"line":99,"column":3}}}},"branchMap":{"0":{"loc":{"start":{"line":11,"column":11},"end":{"line":11,"column":54}},"type":"default-arg","locations":[{"start":{"line":11,"column":24},"end":{"line":11,"column":54}}]},"1":{"loc":{"start":{"line":36,"column":11},"end":{"line":38,"column":29}},"type":"cond-expr","locations":[{"start":{"line":37,"column":8},"end":{"line":37,"column":66}},{"start":{"line":38,"column":8},"end":{"line":38,"column":29}}]},"2":{"loc":{"start":{"line":93,"column":8},"end":{"line":96,"column":9}},"type":"if","locations":[{"start":{"line":93,"column":8},"end":{"line":96,"column":9}}]}},"s":{"0":1,"1":1,"2":1,"3":1,"4":1,"5":1,"6":1,"7":1,"8":1,"9":1,"10":1,"11":1,"12":1,"13":1,"14":1,"15":1,"16":2,"17":2,"18":3,"19":3,"20":3,"21":3,"22":3,"23":3,"24":3,"25":3,"26":3,"27":16,"28":16,"29":4,"30":4,"31":4,"32":4,"33":4,"34":4,"35":12,"36":12,"37":12,"38":1,"39":1,"40":1},"f":{"0":1,"1":1,"2":1,"3":2,"4":3},"b":{"0":[1],"1":[1,1],"2":[1]}}
,"/Users/danielhadland/WebstormProjects/lifi-challenge/typescript-fastify-prisma-starter/app/src/util/env.ts": {"path":"/Users/danielhadland/WebstormProjects/lifi-challenge/typescript-fastify-prisma-starter/app/src/util/env.ts","statementMap":{"0":{"start":{"line":1,"column":0},"end":{"line":1,"column":16}},"1":{"start":{"line":2,"column":2},"end":{"line":4,"column":3}},"2":{"start":{"line":3,"column":4},"end":{"line":3,"column":24}},"3":{"start":{"line":5,"column":2},"end":{"line":10,"column":3}},"4":{"start":{"line":6,"column":4},"end":{"line":8,"column":5}},"5":{"start":{"line":7,"column":6},"end":{"line":7,"column":71}},"6":{"start":{"line":9,"column":4},"end":{"line":9,"column":24}},"7":{"start":{"line":11,"column":2},"end":{"line":11,"column":36}}},"fnMap":{"0":{"name":"getEnv","decl":{"start":{"line":1,"column":16},"end":{"line":1,"column":22}},"loc":{"start":{"line":1,"column":66},"end":{"line":12,"column":1}}}},"branchMap":{"0":{"loc":{"start":{"line":2,"column":2},"end":{"line":4,"column":3}},"type":"if","locations":[{"start":{"line":2,"column":2},"end":{"line":4,"column":3}}]},"1":{"loc":{"start":{"line":5,"column":2},"end":{"line":10,"column":3}},"type":"if","locations":[{"start":{"line":5,"column":2},"end":{"line":10,"column":3}}]},"2":{"loc":{"start":{"line":6,"column":4},"end":{"line":8,"column":5}},"type":"if","locations":[{"start":{"line":6,"column":4},"end":{"line":8,"column":5}}]}},"s":{"0":4,"1":17,"2":6,"3":11,"4":11,"5":0,"6":11,"7":0},"f":{"0":17},"b":{"0":[6],"1":[11],"2":[0]}}
}
