TN:
SF:src/bootstrap.ts
FN:6,bootstrap
FN:12,getMongoConnection
FNF:2
FNH:2
FNDA:1,bootstrap
FNDA:1,getMongoConnection
DA:1,2
DA:2,2
DA:3,2
DA:4,2
DA:6,2
DA:7,1
DA:8,1
DA:9,1
DA:12,2
DA:13,1
DA:14,1
DA:15,1
DA:16,1
DA:17,1
DA:18,1
LF:15
LH:15
BRF:0
BRH:0
end_of_record
TN:
SF:src/types.ts
FN:1,(anonymous_0)
FNF:1
FNH:1
FNDA:3,(anonymous_0)
DA:1,3
DA:2,3
LF:2
LH:2
BRDA:1,0,0,3
BRDA:1,0,1,3
BRF:2
BRH:2
end_of_record
TN:
SF:src/blockchain/FeeCollectorContract.ts
FN:16,(anonymous_0)
FN:32,(anonymous_1)
FN:40,(anonymous_2)
FN:41,(anonymous_3)
FNF:4
FNH:4
FNDA:5,(anonymous_0)
FNDA:5,(anonymous_1)
FNDA:1,(anonymous_2)
FNDA:1,(anonymous_3)
DA:1,3
DA:2,3
DA:14,3
DA:17,5
DA:21,5
DA:36,5
DA:37,5
DA:41,1
DA:42,1
DA:44,1
DA:51,1
LF:11
LH:11
BRF:0
BRH:0
end_of_record
TN:
SF:src/blockchain/network/Polygon.ts
FN:9,(anonymous_0)
FN:20,(anonymous_1)
FN:27,(anonymous_2)
FNF:3
FNH:3
FNDA:4,(anonymous_0)
FNDA:1,(anonymous_1)
FNDA:4,(anonymous_2)
DA:3,2
DA:4,2
DA:5,2
DA:6,2
DA:8,2
DA:10,4
DA:21,1
DA:24,1
DA:25,1
DA:28,4
LF:10
LH:10
BRF:0
BRH:0
end_of_record
TN:
SF:src/model/CollectedEvent.ts
FN:19,(anonymous_1)
FN:22,(anonymous_2)
FN:25,(anonymous_3)
FN:28,(anonymous_4)
FN:31,(anonymous_5)
FN:34,(anonymous_6)
FNF:6
FNH:6
FNDA:3,(anonymous_1)
FNDA:3,(anonymous_2)
FNDA:3,(anonymous_3)
FNDA:3,(anonymous_4)
FNDA:3,(anonymous_5)
FNDA:3,(anonymous_6)
DA:1,3
DA:7,3
DA:18,3
DA:19,3
DA:20,3
DA:22,3
DA:23,3
DA:25,3
DA:26,3
DA:28,3
DA:29,3
DA:31,3
DA:32,3
DA:34,3
DA:35,3
DA:38,3
DA:40,3
LF:17
LH:17
BRF:0
BRH:0
end_of_record
TN:
SF:src/repository/CollectedEventRepository.ts
FN:5,(anonymous_0)
FN:7,(anonymous_1)
FN:11,(anonymous_2)
FN:18,(anonymous_3)
FNF:4
FNH:1
FNDA:8,(anonymous_0)
FNDA:0,(anonymous_1)
FNDA:0,(anonymous_2)
FNDA:0,(anonymous_3)
DA:1,3
DA:4,3
DA:8,0
DA:12,0
DA:15,0
DA:19,0
LF:6
LH:2
BRDA:7,0,0,0
BRDA:7,1,0,0
BRDA:15,2,0,0
BRDA:15,2,1,0
BRF:4
BRH:0
end_of_record
TN:
SF:src/routes/EventsController.ts
FN:5,(anonymous_0)
FNF:1
FNH:1
FNDA:4,(anonymous_0)
DA:1,2
DA:4,2
DA:11,4
DA:13,4
DA:14,4
DA:15,4
DA:17,4
DA:18,1
DA:21,4
DA:27,4
LF:10
LH:10
BRDA:14,0,0,2
BRDA:14,0,1,2
BRDA:17,1,0,1
BRDA:24,2,0,1
BRDA:24,2,1,3
BRF:5
BRH:5
end_of_record
TN:
SF:src/routes/events.ts
FN:5,routes
FNF:1
FNH:1
FNDA:1,routes
DA:2,2
DA:4,2
DA:6,1
DA:20,2
LF:4
LH:4
BRF:0
BRH:0
end_of_record
TN:
SF:src/util/FeeScraper.ts
FN:9,(anonymous_0)
FN:18,(anonymous_1)
FN:19,(anonymous_2)
FN:32,(anonymous_3)
FN:45,(anonymous_4)
FNF:5
FNH:5
FNDA:1,(anonymous_0)
FNDA:1,(anonymous_1)
FNDA:1,(anonymous_2)
FNDA:2,(anonymous_3)
FNDA:3,(anonymous_4)
DA:2,1
DA:3,1
DA:6,1
DA:8,1
DA:10,1
DA:11,1
DA:19,1
DA:20,1
DA:21,1
DA:22,1
DA:23,1
DA:24,1
DA:25,1
DA:26,1
DA:27,1
DA:29,1
DA:33,2
DA:36,2
DA:46,3
DA:49,3
DA:50,3
DA:53,3
DA:56,3
DA:59,3
DA:61,3
DA:65,3
DA:67,3
DA:68,16
DA:70,16
DA:76,4
DA:78,4
DA:82,4
DA:85,4
DA:88,4
DA:89,4
DA:91,12
DA:92,12
DA:93,12
DA:94,1
DA:95,1
LF:40
LH:40
BRDA:11,0,0,1
BRDA:36,1,0,1
BRDA:36,1,1,1
BRDA:93,2,0,1
BRF:4
BRH:4
end_of_record
TN:
SF:src/util/env.ts
FN:1,getEnv
FNF:1
FNH:1
FNDA:17,getEnv
DA:1,4
DA:2,17
DA:3,6
DA:5,11
DA:6,11
DA:7,0
DA:9,11
DA:11,0
LF:8
LH:6
BRDA:2,0,0,6
BRDA:5,1,0,11
BRDA:6,2,0,0
BRF:3
BRH:2
end_of_record
